<?xml version="1.0" encoding="UTF-8"?>
<!-- Generated by org.testng.reporters.JUnitReportReporter -->
<testsuite hostname="Ajay" failures="0" tests="7" name="com.tutorialsninja.qa.testcases.Login" time="25.072" errors="0" timestamp="2024-06-22T10:40:19 IST" skipped="0">
  <testcase classname="com.tutorialsninja.qa.testcases.Login" name="verifyWithValidCredentials" time="3.474"/>
  <testcase classname="com.tutorialsninja.qa.testcases.Login" name="verifyWithValidCredentials" time="3.239"/>
  <testcase classname="com.tutorialsninja.qa.testcases.Login" name="verifyWithValidCredentials" time="3.592"/>
  <testcase classname="com.tutorialsninja.qa.testcases.Login" name="verifyLoginWithInvalidCredentials" time="3.498"/>
  <testcase classname="com.tutorialsninja.qa.testcases.Login" name="verifyLoginWithInvalidEmailAndValidPassword" time="4.751"/>
  <testcase classname="com.tutorialsninja.qa.testcases.Login" name="verifyLoginWithValidEmailAndInvalidPassword" time="3.683"/>
  <testcase classname="com.tutorialsninja.qa.testcases.Login" name="verifyLoginWithoutCredentials" time="2.835"/>
</testsuite> <!-- com.tutorialsninja.qa.testcases.Login -->
