<?xml version="1.0" encoding="UTF-8"?>
<!-- Generated by org.testng.reporters.JUnitReportReporter -->
<testsuite hostname="Ajay" failures="0" tests="3" name="com.tutorialsninja.qa.testcases.Search" time="8.305" errors="0" timestamp="2024-06-22T10:40:19 IST" skipped="0">
  <testcase classname="com.tutorialsninja.qa.testcases.Search" name="verifySearchwithvalidProduct" time="2.825"/>
  <testcase classname="com.tutorialsninja.qa.testcases.Search" name="verifySearchWithInvalidProduct" time="2.872"/>
  <testcase classname="com.tutorialsninja.qa.testcases.Search" name="verifySearchWithoutAnyProduct" time="2.608"/>
</testsuite> <!-- com.tutorialsninja.qa.testcases.Search -->
