<?xml version="1.0" encoding="UTF-8"?>
<!-- Generated by org.testng.reporters.JUnitReportReporter -->
<testsuite hostname="Ajay" failures="0" tests="4" name="com.tutorialsninja.qa.testcases.RegisterAccount" time="15.488" errors="0" timestamp="2024-06-22T10:40:19 IST" skipped="0">
  <testcase classname="com.tutorialsninja.qa.testcases.RegisterAccount" name="verifyRegisteringAnAccountWithMandatoryFields" time="5.332"/>
  <testcase classname="com.tutorialsninja.qa.testcases.RegisterAccount" name="verifyRegisteringWithProvidingAllFields" time="3.787"/>
  <testcase classname="com.tutorialsninja.qa.testcases.RegisterAccount" name="verifyRegisteringWithExistingEmailid" time="3.495"/>
  <testcase classname="com.tutorialsninja.qa.testcases.RegisterAccount" name="verifyRegisteringWithoutFillingAnyDetails" time="2.874"/>
</testsuite> <!-- com.tutorialsninja.qa.testcases.RegisterAccount -->
