<?xml version="1.0" encoding="UTF-8"?>
<!-- Generated by org.testng.reporters.JUnitReportReporter -->
<testsuite hostname="Ajay" failures="0" tests="4" name="com.tutorialsninja.qa.testcases.RegisterAccountTest" time="25.758" errors="0" timestamp="2024-06-24T20:02:22 IST" skipped="0">
  <testcase classname="com.tutorialsninja.qa.testcases.RegisterAccountTest" name="verifyRegisteringAnAccountWithMandatoryFields" time="11.139"/>
  <testcase classname="com.tutorialsninja.qa.testcases.RegisterAccountTest" name="verifyRegisteringWithProvidingAllFields" time="5.613"/>
  <testcase classname="com.tutorialsninja.qa.testcases.RegisterAccountTest" name="verifyRegisteringWithExistingEmailid" time="4.460"/>
  <testcase classname="com.tutorialsninja.qa.testcases.RegisterAccountTest" name="verifyRegisteringWithoutFillingAnyDetails" time="4.546"/>
</testsuite> <!-- com.tutorialsninja.qa.testcases.RegisterAccountTest -->
